2026-01-16 16:10:26,110 | INFO | TMDB KPI computation started
2026-01-16 16:10:26,111 | INFO | Top-N threshold set to 10
2026-01-16 16:10:26,759 | INFO | Input row count: 18
2026-01-16 16:10:26,781 | INFO | Input schema validation passed
2026-01-16 16:10:26,790 | INFO | Computing profit and ROI
2026-01-16 16:10:26,911 | INFO | Computing KPI: highest_revenue
2026-01-16 16:10:27,872 | INFO | highest_revenue | rank=1, title=Avatar, revenue_musd=2923.706026
2026-01-16 16:10:27,874 | INFO | highest_revenue | rank=2, title=Avengers: Endgame, revenue_musd=2799.4391
2026-01-16 16:10:27,880 | INFO | highest_revenue | rank=3, title=Titanic, revenue_musd=2264.162353
2026-01-16 16:10:27,881 | INFO | Computing KPI: highest_budget
2026-01-16 16:10:28,240 | INFO | highest_budget | rank=1, title=Avengers: Endgame, budget_musd=356.0
2026-01-16 16:10:28,254 | INFO | highest_budget | rank=2, title=Star Wars: The Last Jedi, budget_musd=300.0
2026-01-16 16:10:28,255 | INFO | highest_budget | rank=3, title=Avengers: Infinity War, budget_musd=300.0
2026-01-16 16:10:28,256 | INFO | Computing KPI: highest_profit
2026-01-16 16:10:28,661 | INFO | highest_profit | rank=1, title=Avatar, profit=2686.706026
2026-01-16 16:10:28,663 | INFO | highest_profit | rank=2, title=Avengers: Endgame, profit=2443.4391
2026-01-16 16:10:28,665 | INFO | highest_profit | rank=3, title=Titanic, profit=2064.162353
2026-01-16 16:10:28,666 | INFO | Computing KPI: lowest_profit
2026-01-16 16:10:29,167 | INFO | lowest_profit | rank=1, title=Star Wars: The Last Jedi, profit=1032.69883
2026-01-16 16:10:29,168 | INFO | lowest_profit | rank=2, title=Incredibles 2, profit=1043.225667
2026-01-16 16:10:29,172 | INFO | lowest_profit | rank=3, title=Beauty and the Beast, profit=1106.115964
2026-01-16 16:10:29,175 | INFO | Computing KPI: highest_roi
2026-01-16 16:10:29,806 | INFO | highest_roi | rank=1, title=Avatar, roi=12.33631234599156
2026-01-16 16:10:29,809 | INFO | highest_roi | rank=2, title=Titanic, roi=11.320811765
2026-01-16 16:10:29,811 | INFO | highest_roi | rank=3, title=Jurassic World, roi=11.14358296
2026-01-16 16:10:29,813 | INFO | Computing KPI: lowest_roi
2026-01-16 16:10:30,374 | INFO | lowest_roi | rank=1, title=Star Wars: The Last Jedi, roi=4.442329433333334
2026-01-16 16:10:30,375 | INFO | lowest_roi | rank=2, title=Avengers: Age of Ultron, roi=5.98044125106383
2026-01-16 16:10:30,376 | INFO | lowest_roi | rank=3, title=Incredibles 2, roi=6.216128335
2026-01-16 16:10:30,378 | INFO | Computing KPI: most_voted
2026-01-16 16:10:30,799 | INFO | most_voted | rank=1, title=The Avengers, vote_count=35098
2026-01-16 16:10:30,809 | INFO | most_voted | rank=2, title=Avatar, vote_count=33252
2026-01-16 16:10:30,811 | INFO | most_voted | rank=3, title=Avengers: Infinity War, vote_count=31339
2026-01-16 16:10:30,813 | INFO | Computing KPI: highest_rated
2026-01-16 16:10:31,259 | INFO | highest_rated | rank=1, title=Avengers: Endgame, vote_average=8.237, vote_count=27130
2026-01-16 16:10:31,269 | INFO | highest_rated | rank=2, title=Avengers: Infinity War, vote_average=8.235, vote_count=31339
2026-01-16 16:10:31,279 | INFO | highest_rated | rank=3, title=Harry Potter and the Deathly Hallows: Part 2, vote_average=8.082, vote_count=21574
2026-01-16 16:10:31,299 | INFO | Computing KPI: lowest_rated
2026-01-16 16:10:31,705 | INFO | lowest_rated | rank=1, title=Jurassic World: Fallen Kingdom, vote_average=6.535, vote_count=12484
2026-01-16 16:10:31,712 | INFO | lowest_rated | rank=2, title=Jurassic World, vote_average=6.7, vote_count=21219
2026-01-16 16:10:31,727 | INFO | lowest_rated | rank=3, title=Star Wars: The Last Jedi, vote_average=6.762, vote_count=16018
2026-01-16 16:10:31,729 | INFO | Computing KPI: most_popular
2026-01-16 16:10:32,236 | INFO | most_popular | rank=1, title=The Avengers, popularity=65.2961
2026-01-16 16:10:32,237 | INFO | most_popular | rank=2, title=Avatar, popularity=62.8235
2026-01-16 16:10:32,241 | INFO | most_popular | rank=3, title=Titanic, popularity=29.4892
2026-01-16 16:10:32,244 | INFO | TMDB KPI computation completed successfully
2026-01-16 16:10:32,250 | INFO | Total KPI outputs generated: 10
