2026-01-26 08:50:25,835 | INFO | Advanced TMDB KPI computation started
2026-01-26 08:50:26,004 | INFO | Top-N threshold: 10, Input rows: 18
2026-01-26 08:50:26,005 | INFO | Casting numeric columns to correct types for calculations
2026-01-26 08:50:26,107 | INFO | Casting complete
2026-01-26 08:50:26,108 | INFO | Calculating profit and ROI
2026-01-26 08:50:26,601 | INFO | highest_revenue | rank=1, title=Avatar, revenue_musd=2923.706026
2026-01-26 08:50:26,602 | INFO | highest_revenue | rank=2, title=Avengers: Endgame, revenue_musd=2799.4391
2026-01-26 08:50:26,603 | INFO | highest_revenue | rank=3, title=Titanic, revenue_musd=2264.162353
2026-01-26 08:50:26,848 | INFO | highest_budget | rank=1, title=Avengers: Endgame, budget_musd=356.0
2026-01-26 08:50:26,853 | INFO | highest_budget | rank=2, title=Avengers: Infinity War, budget_musd=300.0
2026-01-26 08:50:26,855 | INFO | highest_budget | rank=3, title=Star Wars: The Last Jedi, budget_musd=300.0
2026-01-26 08:50:27,092 | INFO | highest_profit | rank=1, title=Avatar, profit=2686.706026
2026-01-26 08:50:27,094 | INFO | highest_profit | rank=2, title=Avengers: Endgame, profit=2443.4391
2026-01-26 08:50:27,095 | INFO | highest_profit | rank=3, title=Titanic, profit=2064.162353
2026-01-26 08:50:27,304 | INFO | lowest_profit | rank=1, title=Star Wars: The Last Jedi, profit=1032.69883
2026-01-26 08:50:27,305 | INFO | lowest_profit | rank=2, title=Incredibles 2, profit=1043.225667
2026-01-26 08:50:27,306 | INFO | lowest_profit | rank=3, title=Beauty and the Beast, profit=1106.115964
2026-01-26 08:50:27,641 | INFO | highest_roi | rank=1, title=Avatar, roi=12.33631234599156
2026-01-26 08:50:27,644 | INFO | highest_roi | rank=2, title=Titanic, roi=11.320811765
2026-01-26 08:50:27,645 | INFO | highest_roi | rank=3, title=Jurassic World, roi=11.14358296
2026-01-26 08:50:27,911 | INFO | lowest_roi | rank=1, title=Star Wars: The Last Jedi, roi=4.442329433333334
2026-01-26 08:50:27,912 | INFO | lowest_roi | rank=2, title=Avengers: Age of Ultron, roi=5.98044125106383
2026-01-26 08:50:27,913 | INFO | lowest_roi | rank=3, title=Incredibles 2, roi=6.216128335
2026-01-26 08:50:28,108 | INFO | most_voted | rank=1, title=The Avengers, vote_count=35391
2026-01-26 08:50:28,109 | INFO | most_voted | rank=2, title=Avatar, vote_count=33326
2026-01-26 08:50:28,110 | INFO | most_voted | rank=3, title=Avengers: Infinity War, vote_count=31385
2026-01-26 08:50:28,424 | INFO | highest_rated | rank=1, title=Avengers: Infinity War, vote_average=8.235
2026-01-26 08:50:28,425 | INFO | highest_rated | rank=2, title=Avengers: Endgame, vote_average=8.2
2026-01-26 08:50:28,427 | INFO | highest_rated | rank=3, title=Harry Potter and the Deathly Hallows: Part 2, vote_average=8.081
2026-01-26 08:50:28,757 | INFO | lowest_rated | rank=1, title=Jurassic World: Fallen Kingdom, vote_average=6.535
2026-01-26 08:50:28,758 | INFO | lowest_rated | rank=2, title=Jurassic World, vote_average=6.7
2026-01-26 08:50:28,759 | INFO | lowest_rated | rank=3, title=Star Wars: The Last Jedi, vote_average=6.76
2026-01-26 08:50:28,975 | INFO | most_popular | rank=1, title=The Avengers, popularity=82.8271
2026-01-26 08:50:28,976 | INFO | most_popular | rank=2, title=Avatar, popularity=48.9819
2026-01-26 08:50:28,977 | INFO | most_popular | rank=3, title=Avengers: Infinity War, popularity=31.32
2026-01-26 08:50:28,978 | INFO | Running advanced search: Bruce Willis in Sci-Fi/Action movies
2026-01-26 08:50:29,268 | INFO | Running advanced search: Uma Thurman + Quentin Tarantino
2026-01-26 08:50:29,495 | INFO | Analyzing franchise vs standalone movies
2026-01-26 08:50:30,126 | INFO | Franchise vs Standalone | is_franchise=True, mean_revenue=1682.6684113749998, median_roi=7.708641394117647
2026-01-26 08:50:30,127 | INFO | Franchise vs Standalone | is_franchise=False, mean_revenue=1765.1391585000001, median_roi=7.913224775000001
2026-01-26 08:50:30,128 | INFO | Computing most successful franchises
2026-01-26 08:50:30,728 | INFO | Most Successful Franchises | belongs_to_collection=The Avengers Collection, total_revenue=7776.073348, mean_rating=7.913499999999999
2026-01-26 08:50:30,729 | INFO | Most Successful Franchises | belongs_to_collection=Star Wars Collection, total_revenue=3400.9224540000005, mean_rating=7.0065
2026-01-26 08:50:30,732 | INFO | Most Successful Franchises | belongs_to_collection=Jurassic Park Collection, total_revenue=2982.0064810000003, mean_rating=6.6175
2026-01-26 08:50:30,734 | INFO | Computing most successful directors
2026-01-26 08:50:31,210 | INFO | Most Successful Directors | director=James Cameron, total_revenue=5187.868379, mean_rating=7.7509999999999994
2026-01-26 08:50:31,213 | INFO | Most Successful Directors | director=Joss Whedon, total_revenue=2924.219209, mean_rating=7.6095
2026-01-26 08:50:31,216 | INFO | Most Successful Directors | director=Joe Russo, total_revenue=2799.4391, mean_rating=8.2
2026-01-26 08:50:31,220 | INFO | Advanced TMDB KPI computation completed
