2026-01-26 08:50:21,698 | INFO | TMDB KPI computation started
2026-01-26 08:50:21,700 | INFO | Top-N threshold set to 10
2026-01-26 08:50:22,017 | INFO | Input row count: 18
2026-01-26 08:50:22,028 | INFO | Input schema validation passed
2026-01-26 08:50:22,030 | INFO | Computing profit and ROI
2026-01-26 08:50:22,110 | INFO | Computing KPI: highest_revenue
2026-01-26 08:50:22,641 | INFO | highest_revenue | rank=1, title=Avatar, revenue_musd=2923.706026
2026-01-26 08:50:22,642 | INFO | highest_revenue | rank=2, title=Avengers: Endgame, revenue_musd=2799.4391
2026-01-26 08:50:22,643 | INFO | highest_revenue | rank=3, title=Titanic, revenue_musd=2264.162353
2026-01-26 08:50:22,644 | INFO | Computing KPI: highest_budget
2026-01-26 08:50:22,923 | INFO | highest_budget | rank=1, title=Avengers: Endgame, budget_musd=356.0
2026-01-26 08:50:22,924 | INFO | highest_budget | rank=2, title=Avengers: Infinity War, budget_musd=300.0
2026-01-26 08:50:22,925 | INFO | highest_budget | rank=3, title=Star Wars: The Last Jedi, budget_musd=300.0
2026-01-26 08:50:22,927 | INFO | Computing KPI: highest_profit
2026-01-26 08:50:23,479 | INFO | highest_profit | rank=1, title=Avatar, profit=2686.706026
2026-01-26 08:50:23,484 | INFO | highest_profit | rank=2, title=Avengers: Endgame, profit=2443.4391
2026-01-26 08:50:23,485 | INFO | highest_profit | rank=3, title=Titanic, profit=2064.162353
2026-01-26 08:50:23,487 | INFO | Computing KPI: lowest_profit
2026-01-26 08:50:23,773 | INFO | lowest_profit | rank=1, title=Star Wars: The Last Jedi, profit=1032.69883
2026-01-26 08:50:23,776 | INFO | lowest_profit | rank=2, title=Incredibles 2, profit=1043.225667
2026-01-26 08:50:23,777 | INFO | lowest_profit | rank=3, title=Beauty and the Beast, profit=1106.115964
2026-01-26 08:50:23,778 | INFO | Computing KPI: highest_roi
2026-01-26 08:50:24,124 | INFO | highest_roi | rank=1, title=Avatar, roi=12.33631234599156
2026-01-26 08:50:24,125 | INFO | highest_roi | rank=2, title=Titanic, roi=11.320811765
2026-01-26 08:50:24,127 | INFO | highest_roi | rank=3, title=Jurassic World, roi=11.14358296
2026-01-26 08:50:24,129 | INFO | Computing KPI: lowest_roi
2026-01-26 08:50:24,431 | INFO | lowest_roi | rank=1, title=Star Wars: The Last Jedi, roi=4.442329433333334
2026-01-26 08:50:24,435 | INFO | lowest_roi | rank=2, title=Avengers: Age of Ultron, roi=5.98044125106383
2026-01-26 08:50:24,437 | INFO | lowest_roi | rank=3, title=Incredibles 2, roi=6.216128335
2026-01-26 08:50:24,439 | INFO | Computing KPI: most_voted
2026-01-26 08:50:24,793 | INFO | most_voted | rank=1, title=The Avengers, vote_count=35391
2026-01-26 08:50:24,800 | INFO | most_voted | rank=2, title=Avatar, vote_count=33326
2026-01-26 08:50:24,812 | INFO | most_voted | rank=3, title=Avengers: Infinity War, vote_count=31385
2026-01-26 08:50:24,813 | INFO | Computing KPI: highest_rated
2026-01-26 08:50:25,226 | INFO | highest_rated | rank=1, title=Avengers: Infinity War, vote_average=8.235, vote_count=31385
2026-01-26 08:50:25,227 | INFO | highest_rated | rank=2, title=Avengers: Endgame, vote_average=8.2, vote_count=27170
2026-01-26 08:50:25,229 | INFO | highest_rated | rank=3, title=Harry Potter and the Deathly Hallows: Part 2, vote_average=8.081, vote_count=21608
2026-01-26 08:50:25,231 | INFO | Computing KPI: lowest_rated
2026-01-26 08:50:25,519 | INFO | lowest_rated | rank=1, title=Jurassic World: Fallen Kingdom, vote_average=6.535, vote_count=12507
2026-01-26 08:50:25,520 | INFO | lowest_rated | rank=2, title=Jurassic World, vote_average=6.7, vote_count=21254
2026-01-26 08:50:25,521 | INFO | lowest_rated | rank=3, title=Star Wars: The Last Jedi, vote_average=6.76, vote_count=16045
2026-01-26 08:50:25,522 | INFO | Computing KPI: most_popular
2026-01-26 08:50:25,827 | INFO | most_popular | rank=1, title=The Avengers, popularity=82.8271
2026-01-26 08:50:25,828 | INFO | most_popular | rank=2, title=Avatar, popularity=48.9819
2026-01-26 08:50:25,829 | INFO | most_popular | rank=3, title=Avengers: Infinity War, popularity=31.32
2026-01-26 08:50:25,830 | INFO | TMDB KPI computation completed successfully
2026-01-26 08:50:25,831 | INFO | Total KPI outputs generated: 10
