2026-01-16 11:51:05,195 | INFO | TMDB KPI computation started
2026-01-16 11:51:05,196 | INFO | Top-N threshold set to 5
2026-01-16 11:51:05,765 | INFO | Input row count: 18
2026-01-16 11:51:05,790 | INFO | Input schema validation passed
2026-01-16 11:51:05,791 | INFO | Computing profit and ROI
2026-01-16 11:51:05,886 | INFO | Computing KPI: highest_revenue
2026-01-16 11:51:06,371 | INFO | highest_revenue | rank=1, title=Avatar, revenue_musd=2923.706026
2026-01-16 11:51:06,372 | INFO | highest_revenue | rank=2, title=Avengers: Endgame, revenue_musd=2799.4391
2026-01-16 11:51:06,372 | INFO | highest_revenue | rank=3, title=Titanic, revenue_musd=2264.162353
2026-01-16 11:51:06,373 | INFO | Computing KPI: highest_budget
2026-01-16 11:51:06,594 | INFO | highest_budget | rank=1, title=Avengers: Endgame, budget_musd=356.0
2026-01-16 11:51:06,595 | INFO | highest_budget | rank=2, title=Star Wars: The Last Jedi, budget_musd=300.0
2026-01-16 11:51:06,596 | INFO | highest_budget | rank=3, title=Avengers: Infinity War, budget_musd=300.0
2026-01-16 11:51:06,597 | INFO | Computing KPI: highest_profit
2026-01-16 11:51:06,874 | INFO | highest_profit | rank=1, title=Avatar, profit=2686.706026
2026-01-16 11:51:06,874 | INFO | highest_profit | rank=2, title=Avengers: Endgame, profit=2443.4391
2026-01-16 11:51:06,876 | INFO | highest_profit | rank=3, title=Titanic, profit=2064.162353
2026-01-16 11:51:06,876 | INFO | Computing KPI: lowest_profit
2026-01-16 11:51:07,123 | INFO | lowest_profit | rank=1, title=Star Wars: The Last Jedi, profit=1032.69883
2026-01-16 11:51:07,123 | INFO | lowest_profit | rank=2, title=Incredibles 2, profit=1043.225667
2026-01-16 11:51:07,124 | INFO | lowest_profit | rank=3, title=Beauty and the Beast, profit=1106.115964
2026-01-16 11:51:07,124 | INFO | Computing KPI: highest_roi
2026-01-16 11:51:07,426 | INFO | highest_roi | rank=1, title=Avatar, roi=12.33631234599156
2026-01-16 11:51:07,427 | INFO | highest_roi | rank=2, title=Titanic, roi=11.320811765
2026-01-16 11:51:07,430 | INFO | highest_roi | rank=3, title=Jurassic World, roi=11.14358296
2026-01-16 11:51:07,431 | INFO | Computing KPI: lowest_roi
2026-01-16 11:51:07,695 | INFO | lowest_roi | rank=1, title=Star Wars: The Last Jedi, roi=4.442329433333334
2026-01-16 11:51:07,696 | INFO | lowest_roi | rank=2, title=Avengers: Age of Ultron, roi=5.98044125106383
2026-01-16 11:51:07,696 | INFO | lowest_roi | rank=3, title=Incredibles 2, roi=6.216128335
2026-01-16 11:51:07,697 | INFO | Computing KPI: most_voted
2026-01-16 11:51:07,972 | INFO | most_voted | rank=1, title=The Avengers, vote_count=35071
2026-01-16 11:51:07,973 | INFO | most_voted | rank=2, title=Avatar, vote_count=33243
2026-01-16 11:51:07,973 | INFO | most_voted | rank=3, title=Avengers: Infinity War, vote_count=31335
2026-01-16 11:51:07,974 | INFO | Computing KPI: highest_rated
2026-01-16 11:51:08,245 | INFO | highest_rated | rank=1, title=Avengers: Endgame, vote_average=8.238, vote_count=27125
2026-01-16 11:51:08,245 | INFO | highest_rated | rank=2, title=Avengers: Infinity War, vote_average=8.235, vote_count=31335
2026-01-16 11:51:08,246 | INFO | highest_rated | rank=3, title=Harry Potter and the Deathly Hallows: Part 2, vote_average=8.083, vote_count=21570
2026-01-16 11:51:08,246 | INFO | Computing KPI: lowest_rated
2026-01-16 11:51:08,528 | INFO | lowest_rated | rank=1, title=Jurassic World: Fallen Kingdom, vote_average=6.5, vote_count=12481
2026-01-16 11:51:08,528 | INFO | lowest_rated | rank=2, title=Jurassic World, vote_average=6.7, vote_count=21216
2026-01-16 11:51:08,529 | INFO | lowest_rated | rank=3, title=Star Wars: The Last Jedi, vote_average=6.762, vote_count=16017
2026-01-16 11:51:08,529 | INFO | Computing KPI: most_popular
2026-01-16 11:51:08,719 | INFO | most_popular | rank=1, title=The Avengers, popularity=69.3044
2026-01-16 11:51:08,719 | INFO | most_popular | rank=2, title=Avatar, popularity=64.127
2026-01-16 11:51:08,720 | INFO | most_popular | rank=3, title=Titanic, popularity=30.7388
2026-01-16 11:51:08,721 | INFO | TMDB KPI computation completed successfully
2026-01-16 11:51:08,721 | INFO | Total KPI outputs generated: 10
2026-01-16 11:51:10,134 | INFO | Closing down clientserver connection
