2026-01-16 16:10:32,259 | INFO | Advanced TMDB KPI computation started
2026-01-16 16:10:32,695 | INFO | Top-N threshold: 10, Input rows: 18
2026-01-16 16:10:32,764 | INFO | Casting numeric columns to correct types for calculations
2026-01-16 16:10:32,929 | INFO | Casting complete
2026-01-16 16:10:32,931 | INFO | Calculating profit and ROI
2026-01-16 16:10:33,486 | INFO | highest_revenue | rank=1, title=Avatar, revenue_musd=2923.706026
2026-01-16 16:10:33,508 | INFO | highest_revenue | rank=2, title=Avengers: Endgame, revenue_musd=2799.4391
2026-01-16 16:10:33,531 | INFO | highest_revenue | rank=3, title=Titanic, revenue_musd=2264.162353
2026-01-16 16:10:33,876 | INFO | highest_budget | rank=1, title=Avengers: Endgame, budget_musd=356.0
2026-01-16 16:10:33,878 | INFO | highest_budget | rank=2, title=Star Wars: The Last Jedi, budget_musd=300.0
2026-01-16 16:10:33,878 | INFO | highest_budget | rank=3, title=Avengers: Infinity War, budget_musd=300.0
2026-01-16 16:10:34,166 | INFO | highest_profit | rank=1, title=Avatar, profit=2686.706026
2026-01-16 16:10:34,167 | INFO | highest_profit | rank=2, title=Avengers: Endgame, profit=2443.4391
2026-01-16 16:10:34,168 | INFO | highest_profit | rank=3, title=Titanic, profit=2064.162353
2026-01-16 16:10:34,702 | INFO | lowest_profit | rank=1, title=Star Wars: The Last Jedi, profit=1032.69883
2026-01-16 16:10:34,704 | INFO | lowest_profit | rank=2, title=Incredibles 2, profit=1043.225667
2026-01-16 16:10:34,706 | INFO | lowest_profit | rank=3, title=Beauty and the Beast, profit=1106.115964
2026-01-16 16:10:35,133 | INFO | highest_roi | rank=1, title=Avatar, roi=12.33631234599156
2026-01-16 16:10:35,135 | INFO | highest_roi | rank=2, title=Titanic, roi=11.320811765
2026-01-16 16:10:35,137 | INFO | highest_roi | rank=3, title=Jurassic World, roi=11.14358296
2026-01-16 16:10:35,467 | INFO | lowest_roi | rank=1, title=Star Wars: The Last Jedi, roi=4.442329433333334
2026-01-16 16:10:35,470 | INFO | lowest_roi | rank=2, title=Avengers: Age of Ultron, roi=5.98044125106383
2026-01-16 16:10:35,473 | INFO | lowest_roi | rank=3, title=Incredibles 2, roi=6.216128335
2026-01-16 16:10:35,793 | INFO | most_voted | rank=1, title=The Avengers, vote_count=35098
2026-01-16 16:10:35,796 | INFO | most_voted | rank=2, title=Avatar, vote_count=33252
2026-01-16 16:10:35,801 | INFO | most_voted | rank=3, title=Avengers: Infinity War, vote_count=31339
2026-01-16 16:10:36,248 | INFO | highest_rated | rank=1, title=Avengers: Endgame, vote_average=8.237
2026-01-16 16:10:36,256 | INFO | highest_rated | rank=2, title=Avengers: Infinity War, vote_average=8.235
2026-01-16 16:10:36,258 | INFO | highest_rated | rank=3, title=Harry Potter and the Deathly Hallows: Part 2, vote_average=8.082
2026-01-16 16:10:36,795 | INFO | lowest_rated | rank=1, title=Jurassic World: Fallen Kingdom, vote_average=6.535
2026-01-16 16:10:36,800 | INFO | lowest_rated | rank=2, title=Jurassic World, vote_average=6.7
2026-01-16 16:10:36,809 | INFO | lowest_rated | rank=3, title=Star Wars: The Last Jedi, vote_average=6.762
2026-01-16 16:10:37,185 | INFO | most_popular | rank=1, title=The Avengers, popularity=65.2961
2026-01-16 16:10:37,186 | INFO | most_popular | rank=2, title=Avatar, popularity=62.8235
2026-01-16 16:10:37,190 | INFO | most_popular | rank=3, title=Titanic, popularity=29.4892
2026-01-16 16:10:37,193 | INFO | Running advanced search: Bruce Willis in Sci-Fi/Action movies
2026-01-16 16:10:38,178 | INFO | Running advanced search: Uma Thurman + Quentin Tarantino
2026-01-16 16:10:38,578 | INFO | Analyzing franchise vs standalone movies
2026-01-16 16:10:39,399 | INFO | Franchise vs Standalone | is_franchise=True, mean_revenue=1682.6684113749998, median_roi=7.708641394117647
2026-01-16 16:10:39,400 | INFO | Franchise vs Standalone | is_franchise=False, mean_revenue=1765.1391585000001, median_roi=7.913224775000001
2026-01-16 16:10:39,402 | INFO | Computing most successful franchises
2026-01-16 16:10:40,448 | INFO | Most Successful Franchises | belongs_to_collection=The Avengers Collection, total_revenue=7776.073348, mean_rating=7.91225
2026-01-16 16:10:40,456 | INFO | Most Successful Franchises | belongs_to_collection=Star Wars Collection, total_revenue=3400.9224540000005, mean_rating=7.007999999999999
2026-01-16 16:10:40,457 | INFO | Most Successful Franchises | belongs_to_collection=Jurassic Park Collection, total_revenue=2982.0064810000003, mean_rating=6.6175
2026-01-16 16:10:40,459 | INFO | Computing most successful directors
2026-01-16 16:10:41,374 | INFO | Most Successful Directors | director=James Cameron, total_revenue=5187.868379, mean_rating=7.7515
2026-01-16 16:10:41,395 | INFO | Most Successful Directors | director=Joss Whedon, total_revenue=2924.219209, mean_rating=7.5885
2026-01-16 16:10:41,397 | INFO | Most Successful Directors | director=Anthony Russo, total_revenue=2799.4391, mean_rating=8.237
2026-01-16 16:10:41,398 | INFO | Advanced TMDB KPI computation completed
