2026-01-15 20:45:56,850 | INFO | Logging initialized. Log file: /tmdbmovies/app/logs/tmdb_transform_20260115_204556.log
2026-01-15 20:46:03,309 | INFO | Starting TMDB data cleaning pipeline
2026-01-15 20:46:03,310 | INFO | Dropping irrelevant columns
2026-01-15 20:46:03,374 | INFO | Extracting belongs_to_collection name
2026-01-15 20:46:03,439 | INFO | Flattening genres
2026-01-15 20:46:03,593 | INFO | Flattening spoken_languages
2026-01-15 20:46:03,644 | INFO | Flattening production_countries
2026-01-15 20:46:03,686 | INFO | Flattening production_companies
2026-01-15 20:46:03,732 | INFO | Casting numeric columns
2026-01-15 20:46:03,959 | INFO | Converting release_date to date
2026-01-15 20:46:03,990 | INFO | Replacing zero values with null
2026-01-15 20:46:04,101 | INFO | Converting budget and revenue to million USD
2026-01-15 20:46:04,159 | INFO | Handling vote_count = 0
2026-01-15 20:46:04,187 | INFO | Replacing placeholder text with null
2026-01-15 20:46:04,262 | INFO | Dropping duplicate movies
2026-01-15 20:46:04,274 | INFO | Dropping rows with missing id or title
2026-01-15 20:46:04,299 | INFO | Filtering rows with insufficient data
2026-01-15 20:46:04,337 | INFO | Filtering released movies
2026-01-15 20:46:04,364 | INFO | Extracting cast information
2026-01-15 20:46:04,426 | INFO | Extracting director
2026-01-15 20:46:04,507 | INFO | Reordering final columns
2026-01-15 20:46:04,591 | INFO | Resetting row index
2026-01-15 20:46:04,654 | INFO | Validation summary
2026-01-15 20:46:07,463 | INFO | Final row count: 18
2026-01-15 20:46:07,466 | INFO | Final column count: 22
2026-01-15 20:46:07,467 | INFO | TMDB data cleaning pipeline completed successfully
2026-01-15 20:46:07,468 | INFO | Saving cleaned DataFrame to CSV at /tmdbmovies/app/data/clean/tmdb_movies_clean.csv
2026-01-15 20:46:09,294 | INFO | CSV saved successfully as /tmdbmovies/app/data/clean/tmdb_movies_clean.csv
2026-01-15 20:46:09,304 | INFO | Closing down clientserver connection
