2026-01-26 08:50:13,799 | INFO | Starting TMDB data cleaning pipeline
2026-01-26 08:50:13,801 | INFO | Dropping irrelevant columns
2026-01-26 08:50:13,847 | INFO | Extracting belongs_to_collection name
2026-01-26 08:50:13,928 | INFO | Flattening genres
2026-01-26 08:50:14,126 | INFO | Flattening spoken_languages
2026-01-26 08:50:14,183 | INFO | Flattening production_countries
2026-01-26 08:50:14,236 | INFO | Flattening production_companies
2026-01-26 08:50:14,276 | INFO | Casting numeric columns
2026-01-26 08:50:14,572 | INFO | Converting release_date to date
2026-01-26 08:50:14,668 | INFO | Replacing zero values with null
2026-01-26 08:50:14,906 | INFO | Converting budget and revenue to million USD
2026-01-26 08:50:14,981 | INFO | Handling vote_count = 0
2026-01-26 08:50:15,025 | INFO | Replacing placeholder text with null
2026-01-26 08:50:15,142 | INFO | Dropping duplicate movies
2026-01-26 08:50:15,157 | INFO | Dropping rows with missing id or title
2026-01-26 08:50:15,187 | INFO | Filtering rows with insufficient data
2026-01-26 08:50:15,271 | INFO | Filtering released movies
2026-01-26 08:50:15,350 | INFO | Extracting cast information
2026-01-26 08:50:15,446 | INFO | Extracting director
2026-01-26 08:50:15,574 | INFO | Reordering final columns
2026-01-26 08:50:15,669 | INFO | Resetting row index
2026-01-26 08:50:15,759 | INFO | Validation summary
2026-01-26 08:50:18,665 | INFO | Final row count: 18
2026-01-26 08:50:18,681 | INFO | Final column count: 22
2026-01-26 08:50:18,682 | INFO | TMDB data cleaning pipeline completed successfully
